生成启动时间为 2022-06-09 20:59:03。
     1>项目“D:\C语言\C语言代码\day01\day01\day01.vcxproj”在节点 2 上(build 个目标)。
     1>InitializeBuildStatus:
         正在创建“Debug\day01.unsuccessfulbuild”，因为已指定“AlwaysCreate”。
       ClCompile:
         d:\vs2010\VC\bin\CL.exe /c /ZI /nologo /W3 /WX- /Od /Oy- /D _MBCS /Gm /EHsc /RTC1 /MDd /GS /fp:precise /Zc:wchar_t /Zc:forScope /Fo"Debug\\" /Fd"Debug\vc100.pdb" /Gd /TC /analyze- /errorReport:prompt game.c test01.c
         test01.c
         game.c
         正在生成代码...
       Link:
         d:\vs2010\VC\bin\link.exe /ERRORREPORT:PROMPT /OUT:"D:\C语言\C语言代码\day01\Debug\day01.exe" /NOLOGO kernel32.lib user32.lib gdi32.lib winspool.lib comdlg32.lib advapi32.lib shell32.lib ole32.lib oleaut32.lib uuid.lib odbc32.lib odbccp32.lib /MANIFEST /ManifestFile:"Debug\day01.exe.intermediate.manifest" /MANIFESTUAC:"level='asInvoker' uiAccess='false'" /DEBUG /PDB:"D:\C语言\C语言代码\day01\Debug\day01.pdb" /SUBSYSTEM:CONSOLE /TLBID:1 /DYNAMICBASE /NXCOMPAT /IMPLIB:"D:\C语言\C语言代码\day01\Debug\day01.lib" /MACHINE:X86 Debug\game.obj
         Debug\test01.obj
         LINK : 没有找到 D:\C语言\C语言代码\day01\Debug\day01.exe 或上一个增量链接没有生成它；正在执行完全链接
         day01.vcxproj -> D:\C语言\C语言代码\day01\Debug\day01.exe
       Manifest:
         C:\Program Files (x86)\Microsoft SDKs\Windows\v7.0A\bin\mt.exe /nologo /verbose /outputresource:"D:\C语言\C语言代码\day01\Debug\day01.exe;#1" /manifest Debug\day01.exe.intermediate.manifest
       FinalizeBuildStatus:
         正在删除文件“Debug\day01.unsuccessfulbuild”。
         正在对“Debug\day01.lastbuildstate”执行 Touch 任务。
     1>已完成生成项目“D:\C语言\C语言代码\day01\day01\day01.vcxproj”(build 个目标)的操作。

生成成功。

已用时间 00:00:01.55
